<?xml version="1.0" encoding="UTF-8"?>
<!-- Generated by org.testng.reporters.JUnitReportReporter -->
<testsuite hostname="dac-35" failures="0" tests="1" name="com.testng.CharValidator" time="7.053" errors="0" timestamp="2024-12-22T16:51:18 IST" skipped="0">
  <testcase classname="com.testng.CharValidator" name="f" time="7.053"/>
  <system-out/>
</testsuite> <!-- com.testng.CharValidator -->
